[2024-05-05T09:10:08.133+0000] {local_task_job_runner.py:120} INFO - ::group::Pre task execution logs
[2024-05-05T09:10:08.169+0000] {taskinstance.py:2073} INFO - Dependencies all met for dep_context=non-requeueable deps ti=<TaskInstance: sample.clean_df manual__2024-05-05T09:04:09.920819+00:00 [queued]>
[2024-05-05T09:10:08.197+0000] {taskinstance.py:2073} INFO - Dependencies all met for dep_context=requeueable deps ti=<TaskInstance: sample.clean_df manual__2024-05-05T09:04:09.920819+00:00 [queued]>
[2024-05-05T09:10:08.201+0000] {taskinstance.py:2303} INFO - Starting attempt 5 of 5
[2024-05-05T09:10:08.225+0000] {taskinstance.py:2327} INFO - Executing <Task(PythonOperator): clean_df> on 2024-05-05 09:04:09.920819+00:00
[2024-05-05T09:10:08.248+0000] {logging_mixin.py:188} WARNING - /home/***/.local/lib/python3.12/site-packages/***/task/task_runner/standard_task_runner.py:61 DeprecationWarning: This process (pid=48983) is multi-threaded, use of fork() may lead to deadlocks in the child.
[2024-05-05T09:10:08.258+0000] {standard_task_runner.py:63} INFO - Started process 49043 to run task
[2024-05-05T09:10:08.254+0000] {standard_task_runner.py:90} INFO - Running: ['***', 'tasks', 'run', 'sample', 'clean_df', 'manual__2024-05-05T09:04:09.920819+00:00', '--job-id', '179', '--raw', '--subdir', 'DAGS_FOLDER/my_dag.py', '--cfg-path', '/tmp/tmpevw_f2es']
[2024-05-05T09:10:08.265+0000] {standard_task_runner.py:91} INFO - Job 179: Subtask clean_df
[2024-05-05T09:10:08.360+0000] {task_command.py:426} INFO - Running <TaskInstance: sample.clean_df manual__2024-05-05T09:04:09.920819+00:00 [running]> on host 5bc5768c5236
[2024-05-05T09:10:08.517+0000] {taskinstance.py:2644} INFO - Exporting env vars: AIRFLOW_CTX_DAG_OWNER='***' AIRFLOW_CTX_DAG_ID='sample' AIRFLOW_CTX_TASK_ID='clean_df' AIRFLOW_CTX_EXECUTION_DATE='2024-05-05T09:04:09.920819+00:00' AIRFLOW_CTX_TRY_NUMBER='5' AIRFLOW_CTX_DAG_RUN_ID='manual__2024-05-05T09:04:09.920819+00:00'
[2024-05-05T09:10:08.518+0000] {taskinstance.py:430} INFO - ::endgroup::
[2024-05-05T09:10:08.548+0000] {logging_mixin.py:188} WARNING - /opt/***/dags/my_dag.py:80 FutureWarning: The behavior of DataFrame concatenation with empty or all-NA entries is deprecated. In a future version, this will no longer exclude empty or all-NA columns when determining the result dtypes. To retain the old behavior, exclude the relevant entries before the concat operation.
[2024-05-05T09:10:19.620+0000] {taskinstance.py:441} INFO - ::group::Post task execution logs
[2024-05-05T09:10:19.621+0000] {taskinstance.py:2890} ERROR - Task failed with exception
Traceback (most recent call last):
  File "/home/airflow/.local/lib/python3.12/site-packages/pandas/core/ops/array_ops.py", line 220, in _na_arithmetic_op
    result = func(left, right)
             ^^^^^^^^^^^^^^^^^
  File "/home/airflow/.local/lib/python3.12/site-packages/pandas/core/computation/expressions.py", line 242, in evaluate
    return _evaluate(op, op_str, a, b)  # type: ignore[misc]
           ^^^^^^^^^^^^^^^^^^^^^^^^^^^
  File "/home/airflow/.local/lib/python3.12/site-packages/pandas/core/computation/expressions.py", line 73, in _evaluate_standard
    return op(a, b)
           ^^^^^^^^
TypeError: can only concatenate str (not "int") to str

During handling of the above exception, another exception occurred:

Traceback (most recent call last):
  File "/home/airflow/.local/lib/python3.12/site-packages/airflow/models/taskinstance.py", line 465, in _execute_task
    result = _execute_callable(context=context, **execute_callable_kwargs)
             ^^^^^^^^^^^^^^^^^^^^^^^^^^^^^^^^^^^^^^^^^^^^^^^^^^^^^^^^^^^^^
  File "/home/airflow/.local/lib/python3.12/site-packages/airflow/models/taskinstance.py", line 432, in _execute_callable
    return execute_callable(context=context, **execute_callable_kwargs)
           ^^^^^^^^^^^^^^^^^^^^^^^^^^^^^^^^^^^^^^^^^^^^^^^^^^^^^^^^^^^^
  File "/home/airflow/.local/lib/python3.12/site-packages/airflow/models/baseoperator.py", line 400, in wrapper
    return func(self, *args, **kwargs)
           ^^^^^^^^^^^^^^^^^^^^^^^^^^^
  File "/home/airflow/.local/lib/python3.12/site-packages/airflow/operators/python.py", line 235, in execute
    return_value = self.execute_callable()
                   ^^^^^^^^^^^^^^^^^^^^^^^
  File "/home/airflow/.local/lib/python3.12/site-packages/airflow/operators/python.py", line 252, in execute_callable
    return self.python_callable(*self.op_args, **self.op_kwargs)
           ^^^^^^^^^^^^^^^^^^^^^^^^^^^^^^^^^^^^^^^^^^^^^^^^^^^^^
  File "/opt/airflow/dags/my_dag.py", line 79, in _clean_df
    df['datetime'] = pd.to_datetime(df['date'] + " " + df['time'])
                                    ~~~~~~~~~~~~~~~~~^~~~~~~~~~~~
  File "/home/airflow/.local/lib/python3.12/site-packages/pandas/core/ops/common.py", line 76, in new_method
    return method(self, other)
           ^^^^^^^^^^^^^^^^^^^
  File "/home/airflow/.local/lib/python3.12/site-packages/pandas/core/arraylike.py", line 186, in __add__
    return self._arith_method(other, operator.add)
           ^^^^^^^^^^^^^^^^^^^^^^^^^^^^^^^^^^^^^^^
  File "/home/airflow/.local/lib/python3.12/site-packages/pandas/core/series.py", line 5819, in _arith_method
    return base.IndexOpsMixin._arith_method(self, other, op)
           ^^^^^^^^^^^^^^^^^^^^^^^^^^^^^^^^^^^^^^^^^^^^^^^^^
  File "/home/airflow/.local/lib/python3.12/site-packages/pandas/core/base.py", line 1381, in _arith_method
    result = ops.arithmetic_op(lvalues, rvalues, op)
             ^^^^^^^^^^^^^^^^^^^^^^^^^^^^^^^^^^^^^^^
  File "/home/airflow/.local/lib/python3.12/site-packages/pandas/core/ops/array_ops.py", line 285, in arithmetic_op
    res_values = _na_arithmetic_op(left, right, op)  # type: ignore[arg-type]
                 ^^^^^^^^^^^^^^^^^^^^^^^^^^^^^^^^^^
  File "/home/airflow/.local/lib/python3.12/site-packages/pandas/core/ops/array_ops.py", line 229, in _na_arithmetic_op
    result = _masked_arith_op(left, right, op)
             ^^^^^^^^^^^^^^^^^^^^^^^^^^^^^^^^^
  File "/home/airflow/.local/lib/python3.12/site-packages/pandas/core/ops/array_ops.py", line 165, in _masked_arith_op
    result[mask] = op(xrav[mask], yrav[mask])
                   ^^^^^^^^^^^^^^^^^^^^^^^^^^
TypeError: can only concatenate str (not "int") to str
[2024-05-05T09:10:19.674+0000] {taskinstance.py:1205} INFO - Marking task as FAILED. dag_id=sample, task_id=clean_df, execution_date=20240505T090409, start_date=20240505T091008, end_date=20240505T091019
[2024-05-05T09:10:19.690+0000] {standard_task_runner.py:110} ERROR - Failed to execute job 179 for task clean_df (can only concatenate str (not "int") to str; 49043)
[2024-05-05T09:10:19.705+0000] {local_task_job_runner.py:240} INFO - Task exited with return code 1
[2024-05-05T09:10:19.723+0000] {taskinstance.py:3482} INFO - 0 downstream tasks scheduled from follow-on schedule check
[2024-05-05T09:10:19.732+0000] {local_task_job_runner.py:222} INFO - ::endgroup::
